<?xml version="1.0" encoding="UTF-8"?>
<testsuite name="al.bruno.task.organiser.TaskTest" tests="1" skipped="0" failures="0" errors="0" timestamp="2022-01-13T12:31:32" hostname="Brunos-MacBook-Pro.local" time="0.023">
  <properties/>
  <testcase name="test()" classname="al.bruno.task.organiser.TaskTest" time="0.023"/>
  <system-out><![CDATA[]]></system-out>
  <system-err><![CDATA[]]></system-err>
</testsuite>
